<?xml version="1.0" encoding="UTF-8"?>
<!-- Generated by org.testng.reporters.JUnitReportReporter -->
<testsuite hostname="DESKTOP-FTVS9A8" failures="0" tests="2" name="devopsschool.mavensession.AppiumTest" time="0.010" errors="0" timestamp="2022-03-29T15:06:20 IST" skipped="0">
  <testcase classname="devopsschool.mavensession.AppiumTest" name="PostHPALM" time="0.009"/>
  <system-out/>
  <testcase classname="devopsschool.mavensession.AppiumTest" name="deletewhatsapp" time="0.001"/>
  <system-out/>
</testsuite> <!-- devopsschool.mavensession.AppiumTest -->
