<?xml version="1.0" encoding="UTF-8"?>
<!-- Generated by org.testng.reporters.JUnitReportReporter -->
<testsuite hostname="DESKTOP-FTVS9A8" failures="0" tests="2" name="devopsschool.mavensession.SeleniumTest" time="0.006" errors="0" timestamp="2022-03-29T15:05:34 IST" skipped="0">
  <testcase classname="devopsschool.mavensession.SeleniumTest" name="BrowserAutomation" time="0.004"/>
  <system-out/>
  <testcase classname="devopsschool.mavensession.SeleniumTest" name="ElementsUI" time="0.002"/>
  <system-out/>
</testsuite> <!-- devopsschool.mavensession.SeleniumTest -->
