<?xml version="1.0" encoding="UTF-8"?>
<!-- Generated by org.testng.reporters.JUnitReportReporter -->
<testsuite hostname="DESKTOP-FTVS9A8" failures="0" tests="2" name="devopsschool.mavensession.APITest" time="0.000" errors="0" timestamp="2022-03-29T15:05:34 IST" skipped="0">
  <testcase classname="devopsschool.mavensession.APITest" name="NativeAndroid" time="0.000"/>
  <system-out/>
  <testcase classname="devopsschool.mavensession.APITest" name="iosAPP" time="0.000"/>
  <system-out/>
</testsuite> <!-- devopsschool.mavensession.APITest -->
